<?xml version="1.0" encoding="UTF-8"?>
<testng-results ignored="3" total="5" passed="2" failed="0" skipped="0">
  <reporter-output>
  </reporter-output>
  <suite started-at="2023-09-21T03:03:19 IST" name="Suite" finished-at="2023-09-21T03:03:24 IST" duration-ms="5685">
    <groups>
    </groups>
    <test started-at="2023-09-21T03:03:19 IST" name="Test" finished-at="2023-09-21T03:03:24 IST" duration-ms="5685">
      <class name="testClasses.SecondTest">
        <test-method signature="sLaunchAmazon()[pri:2, instance:testClasses.SecondTest@3576ddc2]" started-at="2023-09-21T03:03:19 IST" name="sLaunchAmazon" description="I am the second Test" finished-at="2023-09-21T03:03:24 IST" duration-ms="5314" status="PASS">
          <reporter-output>
          </reporter-output>
        </test-method> <!-- sLaunchAmazon -->
      </class> <!-- testClasses.SecondTest -->
      <class name="testClasses.FirstTest">
        <test-method is-config="true" signature="browserName()[pri:0, instance:testClasses.FirstTest@776a6d9b]" started-at="2023-09-21T03:03:15 IST" name="browserName" finished-at="2023-09-21T03:03:19 IST" duration-ms="3471" status="PASS">
          <reporter-output>
          </reporter-output>
        </test-method> <!-- browserName -->
        <test-method is-config="true" signature="reporting()[pri:0, instance:testClasses.FirstTest@776a6d9b]" started-at="2023-09-21T03:03:19 IST" name="reporting" finished-at="2023-09-21T03:03:19 IST" duration-ms="331" status="PASS">
          <reporter-output>
          </reporter-output>
        </test-method> <!-- reporting -->
        <test-method signature="fLaunchAmazon()[pri:1, instance:testClasses.FirstTest@776a6d9b]" started-at="2023-09-21T03:03:19 IST" name="fLaunchAmazon" description="I am the first Test" finished-at="2023-09-21T03:03:24 IST" duration-ms="5114" status="PASS">
          <reporter-output>
          </reporter-output>
        </test-method> <!-- fLaunchAmazon -->
        <test-method is-config="true" signature="tearDown()[pri:0, instance:testClasses.FirstTest@776a6d9b]" started-at="2023-09-21T03:03:24 IST" name="tearDown" finished-at="2023-09-21T03:03:25 IST" duration-ms="847" status="PASS">
          <reporter-output>
          </reporter-output>
        </test-method> <!-- tearDown -->
      </class> <!-- testClasses.FirstTest -->
    </test> <!-- Test -->
  </suite> <!-- Suite -->
</testng-results>
