<?xml version="1.0" encoding="UTF-8"?>
<!-- Generated by org.testng.reporters.JUnitXMLReporter -->
<testsuite ignored="3" hostname="LAPTOP-JN0A0H06" failures="0" tests="2" name="Test" time="5.685" errors="0" timestamp="2023-09-21T03:03:24 IST">
  <testcase classname="testClasses.FirstTest" name="fLaunchAmazon" time="5.114"/>
  <testcase classname="testClasses.SecondTest" name="sLaunchAmazon" time="5.314"/>
  <testcase classname="base.Drivers" name="@BeforeTest reporting" time="0.0">
    <ignored/>
  </testcase> <!-- @BeforeTest reporting -->
  <testcase classname="base.Drivers" name="@AfterSuite tearDown" time="0.0">
    <ignored/>
  </testcase> <!-- @AfterSuite tearDown -->
  <testcase classname="base.Drivers" name="@BeforeSuite browserName" time="0.0">
    <ignored/>
  </testcase> <!-- @BeforeSuite browserName -->
</testsuite> <!-- Test -->
